[2021-06-03 18:32:37.167] [DISPLAY] [Main ] [main] Command line: "G:\Launcher\Launcher.exe" -skipPatcherCheck -EpicPortal -epiclocale=pt-BR @args.txt -upgrade -relaunchFromEpic=9d2d0eb64d5c44529cece33fe2a46482
[2021-06-03 18:32:37.167] [DISPLAY] [Main ] [main] Working directory: G:\Launcher
[2021-06-03 18:32:37.168] [DISPLAY] [Main ] [main] Build type: FMB
[2021-06-03 18:32:37.168] [DISPLAY] [Main ] [main] Version: 1.0.41.364
[2021-06-03 18:32:37.168] [DISPLAY] [Main ] [main] Parameters:
[2021-06-03 18:32:37.169] [DISPLAY] [Main ] [main]     G:\Launcher\Launcher.exe
[2021-06-03 18:32:37.169] [DISPLAY] [Main ] [main]     -skipPatcherCheck
[2021-06-03 18:32:37.169] [DISPLAY] [Main ] [main]     -EpicPortal
[2021-06-03 18:32:37.169] [DISPLAY] [Main ] [main]     -epiclocale=pt-BR
[2021-06-03 18:32:37.169] [DISPLAY] [Main ] [main]     @args.txt
[2021-06-03 18:32:37.169] [DISPLAY] [Main ] [main]     -upgrade
[2021-06-03 18:32:37.169] [DISPLAY] [Main ] [main]     -relaunchFromEpic=9d2d0eb64d5c44529cece33fe2a46482
[2021-06-03 18:32:37.183] [DISPLAY] [Main ] [minmode] Starting up normally.
[2021-06-03 18:32:37.184] [DISPLAY] [Main ] [launcher] Opening log file.
[2021-06-03 18:32:37.220] [WARNING] [Main ] [title] No default branch for title rdr2_sp_steam
[2021-06-03 18:32:37.221] [WARNING] [Main ] [title] No default branch for title gta3
[2021-06-03 18:32:37.221] [WARNING] [Main ] [title] No default branch for title gta4
[2021-06-03 18:32:37.221] [WARNING] [Main ] [title] No default branch for title gta5
[2021-06-03 18:32:37.221] [WARNING] [Main ] [title] No default branch for title gtavc
[2021-06-03 18:32:37.221] [WARNING] [Main ] [title] No default branch for title rdr2_sp_rgl
[2021-06-03 18:32:37.221] [WARNING] [Main ] [title] No default branch for title rdr2_sp
[2021-06-03 18:32:37.221] [WARNING] [Main ] [title] No default branch for title mp3
[2021-06-03 18:32:37.222] [WARNING] [Main ] [title] No default branch for title bully
[2021-06-03 18:32:37.222] [WARNING] [Main ] [title] No default branch for title gtasa
[2021-06-03 18:32:37.222] [WARNING] [Main ] [title] No default branch for title rdr2
[2021-06-03 18:32:37.222] [WARNING] [Main ] [title] No default branch for title lanoire
[2021-06-03 18:32:37.222] [WARNING] [Main ] [title] No default branch for title rdr2_rdo
[2021-06-03 18:32:37.222] [WARNING] [Main ] [title] No default branch for title rdr2_sp_epic
[2021-06-03 18:32:37.222] [DISPLAY] [Main ] [titlemanager] Installation status:
[2021-06-03 18:32:37.223] [DISPLAY] [Main ] [titlemanager] - Title rdr2_sp_steam: Not installed
[2021-06-03 18:32:37.223] [DISPLAY] [Main ] [titlemanager] - Title gta3      : Not installed
[2021-06-03 18:32:37.223] [DISPLAY] [Main ] [titlemanager] - Title gta4      : Not installed
[2021-06-03 18:32:37.223] [DISPLAY] [Main ] [titlemanager] - Title gta5      : Not installed
[2021-06-03 18:32:37.223] [DISPLAY] [Main ] [titlemanager] - Title gtavc     : Not installed
[2021-06-03 18:32:37.223] [DISPLAY] [Main ] [titlemanager] - Title rdr2_sp_rgl: Not installed
[2021-06-03 18:32:37.223] [DISPLAY] [Main ] [titlemanager] - Title rdr2_sp   : Not installed
[2021-06-03 18:32:37.223] [DISPLAY] [Main ] [titlemanager] - Title mp3       : Not installed
[2021-06-03 18:32:37.223] [DISPLAY] [Main ] [titlemanager] - Title bully     : Not installed
[2021-06-03 18:32:37.223] [DISPLAY] [Main ] [titlemanager] - Title gtasa     : Not installed
[2021-06-03 18:32:37.223] [DISPLAY] [Main ] [titlemanager] - Title rdr2      : Not installed
[2021-06-03 18:32:37.223] [DISPLAY] [Main ] [titlemanager] - Title rdr2_rdo  : Not installed
[2021-06-03 18:32:37.223] [DISPLAY] [Main ] [titlemanager] - Title lanoire   : Not installed
[2021-06-03 18:32:37.224] [DISPLAY] [Main ] [titlemanager] - Title rdr2_sp_epic: Not installed
[2021-06-03 18:32:37.224] [DISPLAY] [Main ] [titlemanager] - Title launcher  : Installed to: G:\Launcher
[2021-06-03 18:32:37.669] [DISPLAY] [Main ] [fileutils] Version: 2.0.8.1 | 1.0.41.364 | FFP
[2021-06-03 18:32:37.690] [DISPLAY] [Workr] [selfupdate] Up-to-date.
[2021-06-03 18:32:38.372] [DISPLAY] [Main ] [main] Shutting down to request Epic min-mode launch
[2021-06-03 18:32:38.595] [DISPLAY] [Main ] [launcher] Closing log file.
