[2021-05-20 14:48:55.503] [DISPLAY] [Main ] [main] Command line: "G:\Launcher\Launcher.exe" -skipPatcherCheck -EpicPortal -epiclocale=pt-BR @args.txt -upgrade -relaunchFromEpic=9d2d0eb64d5c44529cece33fe2a46482
[2021-05-20 14:48:55.503] [DISPLAY] [Main ] [main] Working directory: G:\Launcher
[2021-05-20 14:48:55.503] [DISPLAY] [Main ] [main] Build type: FMB
[2021-05-20 14:48:55.504] [DISPLAY] [Main ] [main] Version: 1.0.40.358
[2021-05-20 14:48:55.504] [DISPLAY] [Main ] [main] Parameters:
[2021-05-20 14:48:55.504] [DISPLAY] [Main ] [main]     G:\Launcher\Launcher.exe
[2021-05-20 14:48:55.504] [DISPLAY] [Main ] [main]     -skipPatcherCheck
[2021-05-20 14:48:55.504] [DISPLAY] [Main ] [main]     -EpicPortal
[2021-05-20 14:48:55.504] [DISPLAY] [Main ] [main]     -epiclocale=pt-BR
[2021-05-20 14:48:55.504] [DISPLAY] [Main ] [main]     @args.txt
[2021-05-20 14:48:55.504] [DISPLAY] [Main ] [main]     -upgrade
[2021-05-20 14:48:55.504] [DISPLAY] [Main ] [main]     -relaunchFromEpic=9d2d0eb64d5c44529cece33fe2a46482
[2021-05-20 14:48:55.517] [DISPLAY] [Main ] [minmode] Starting up normally.
[2021-05-20 14:48:55.518] [DISPLAY] [Main ] [launcher] Opening log file.
[2021-05-20 14:48:55.522] [WARNING] [Main ] [launcher] Unable to move log file, waiting and trying again...
[2021-05-20 14:48:56.024] [WARNING] [Main ] [launcher] Unable to move log file, waiting and trying again...
[2021-05-20 14:48:56.548] [DISPLAY] [Main ] [titlemanager] Installation status:
[2021-05-20 14:48:56.548] [DISPLAY] [Main ] [titlemanager] - Title launcher  : Installed to: G:\Launcher
[2021-05-20 14:48:56.551] [DISPLAY] [Main ] [preqmanager] Could not get preq list from disk; no preqs known to be installed.
[2021-05-20 14:48:56.553] [WARNING] [Main ] [settingsmanager] Couldn't read settings file C:\Users\Vinícius\AppData\Local\Rockstar Games\Launcher\settings_user.dat; using defaults.
[2021-05-20 14:48:56.553] [WARNING] [Main ] [settingsmanager] Couldn't read settings file C:\ProgramData\Rockstar Games\Launcher\settings_machine.dat; using defaults.
[2021-05-20 14:48:56.553] [DISPLAY] [Main ] [settingsmanager] No user language setting, defaulting to 'pt-PT'
[2021-05-20 14:48:56.662] [DISPLAY] [Main ] [fileutils] Version: 2.0.7.9 | 1.0.40.358 | FFP
[2021-05-20 14:48:56.679] [DISPLAY] [Workr] [selfupdate] Up-to-date.
[2021-05-20 14:48:57.210] [DISPLAY] [Main ] [main] Shutting down to request Epic min-mode launch
[2021-05-20 14:48:57.414] [DISPLAY] [Main ] [launcher] Closing log file.
